#
# There is insufficient memory for the Java Runtime Environment to continue.
# Native memory allocation (malloc) failed to allocate 1048576 bytes for AllocateHeap
# Possible reasons:
#   The system is out of physical RAM or swap space
#   The process is running with CompressedOops enabled, and the Java Heap may be blocking the growth of the native heap
# Possible solutions:
#   Reduce memory load on the system
#   Increase physical memory or swap space
#   Check if swap backing store is full
#   Decrease Java heap size (-Xmx/-Xms)
#   Decrease number of Java threads
#   Decrease Java thread stack sizes (-Xss)
#   Set larger code cache with -XX:ReservedCodeCacheSize=
#   JVM is running with Unscaled Compressed Oops mode in which the Java heap is
#     placed in the first 4GB address space. The Java Heap base address is the
#     maximum limit for the native heap growth. Please use -XX:HeapBaseMinAddress
#     to set the Java Heap base and to place the Java Heap above 4GB virtual address.
# This output file may be truncated or incomplete.
#
#  Out of Memory Error (allocation.cpp:44), pid=7880, tid=3000
#
# JRE version:  (17.0.12+8) (build )
# Java VM: Java HotSpot(TM) 64-Bit Server VM (17.0.12+8-LTS-286, mixed mode, sharing, tiered, compressed oops, compressed class ptrs, g1 gc, windows-amd64)
# No core dump will be written. Minidumps are not enabled by default on client versions of Windows
#

---------------  S U M M A R Y ------------

Command Line: --enable-native-access=ALL-UNNAMED 

Host: 12th Gen Intel(R) Core(TM) i5-1235U, 12 cores, 7G,  Windows 11 , 64 bit Build 26100 (10.0.26100.5074)
Time: Sat Jul 11 14:31:50 2026 India Standard Time elapsed time: 1.042898 seconds (0d 0h 0m 1s)

---------------  T H R E A D  ---------------

Current thread (0x0000021c4655ee70):  JavaThread "Unknown thread" [_thread_in_vm, id=3000, stack(0x000000adbe700000,0x000000adbe800000)]

Stack: [0x000000adbe700000,0x000000adbe800000]
Native frames: (J=compiled Java code, j=interpreted, Vv=VM code, C=native code)
V  [jvm.dll+0x67a04a]
V  [jvm.dll+0x7da4ed]
V  [jvm.dll+0x7dbe33]
V  [jvm.dll+0x7dc4a3]
V  [jvm.dll+0x24508f]
V  [jvm.dll+0xa5e2b]
V  [jvm.dll+0x2d4e37]
V  [jvm.dll+0x7ac9ec]
V  [jvm.dll+0x367591]
V  [jvm.dll+0x78b999]
V  [jvm.dll+0x3ec83f]
V  [jvm.dll+0x3ee471]
C  [jli.dll+0x5297]
C  [ucrtbase.dll+0x37b0]
C  [KERNEL32.DLL+0x2e8d7]
C  [ntdll.dll+0x8d9c]


---------------  P R O C E S S  ---------------

Threads class SMR info:
_java_thread_list=0x00007ffacaa87a18, length=0, elements={
}

Java Threads: ( => current thread )

Other Threads:

=>0x0000021c4655ee70 (exited) JavaThread "Unknown thread" [_thread_in_vm, id=3000, stack(0x000000adbe700000,0x000000adbe800000)]

Threads with active compile tasks:

VM state: not at safepoint (not fully initialized)

VM Mutex/Monitor currently owned by a thread: None

Heap address: 0x0000000000000000, size: 0 MB, Compressed Oops mode: 32-bit

CDS archive(s) mapped at: [0x0000000000000000-0x0000000000000000-0x0000000000000000), size 0, SharedBaseAddress: 0x0000000800000000, ArchiveRelocationMode: 1.
Narrow klass base: 0x0000000000000000, Narrow klass shift: 0, Narrow klass range: 0x0

GC Precious Log:
<Empty>

GC Heap History (0 events):
No events

Deoptimization events (0 events):
No events

Classes unloaded (0 events):
No events

Classes redefined (0 events):
No events

Internal exceptions (0 events):
No events

VM Operations (0 events):
No events

Events (1 events):
Event: 0.017 Loaded shared library C:\Program Files\Java\jdk-17\bin\java.dll


Dynamic libraries:
0x00007ff6f34e0000 - 0x00007ff6f34f0000 	C:\Program Files\Java\jdk-17\bin\java.exe
0x00007ffb32860000 - 0x00007ffb32ac9000 	C:\WINDOWS\SYSTEM32\ntdll.dll
0x00007ffb30b30000 - 0x00007ffb30bf9000 	C:\WINDOWS\System32\KERNEL32.DLL
0x00007ffb300c0000 - 0x00007ffb304b3000 	C:\WINDOWS\System32\KERNELBASE.dll
0x00007ffb2fd80000 - 0x00007ffb2fecb000 	C:\WINDOWS\System32\ucrtbase.dll
0x00007ffaec390000 - 0x00007ffaec3ab000 	C:\Program Files\Java\jdk-17\bin\VCRUNTIME140.dll
0x00007ffac9eb0000 - 0x00007ffac9ec9000 	C:\Program Files\Java\jdk-17\bin\jli.dll
0x00007ffb307b0000 - 0x00007ffb30864000 	C:\WINDOWS\System32\ADVAPI32.dll
0x00007ffb319f0000 - 0x00007ffb31a99000 	C:\WINDOWS\System32\msvcrt.dll
0x00007ffb30ea0000 - 0x00007ffb30f46000 	C:\WINDOWS\System32\sechost.dll
0x00007ffb31aa0000 - 0x00007ffb31bb8000 	C:\WINDOWS\System32\RPCRT4.dll
0x00007ffb30870000 - 0x00007ffb30a34000 	C:\WINDOWS\System32\USER32.dll
0x00007ffb2faa0000 - 0x00007ffb2fac7000 	C:\WINDOWS\System32\win32u.dll
0x00007ffb30fd0000 - 0x00007ffb30ffb000 	C:\WINDOWS\System32\GDI32.dll
0x00007ffb0be40000 - 0x00007ffb0c0d3000 	C:\WINDOWS\WinSxS\amd64_microsoft.windows.common-controls_6595b64144ccf1df_6.0.26100.5074_none_3e0d6f78e32fd63f\COMCTL32.dll
0x00007ffb2fed0000 - 0x00007ffb2fffd000 	C:\WINDOWS\System32\gdi32full.dll
0x00007ffb2f9f0000 - 0x00007ffb2fa93000 	C:\WINDOWS\System32\msvcp_win.dll
0x00007ffb20400000 - 0x00007ffb2040b000 	C:\WINDOWS\SYSTEM32\VERSION.dll
0x00007ffb31160000 - 0x00007ffb3118f000 	C:\WINDOWS\System32\IMM32.DLL
0x00007ffb09690000 - 0x00007ffb0969c000 	C:\Program Files\Java\jdk-17\bin\vcruntime140_1.dll
0x00007ffac3da0000 - 0x00007ffac3e2e000 	C:\Program Files\Java\jdk-17\bin\msvcp140.dll
0x00007ffac9fd0000 - 0x00007ffacabb0000 	C:\Program Files\Java\jdk-17\bin\server\jvm.dll
0x00007ffb30640000 - 0x00007ffb30648000 	C:\WINDOWS\System32\PSAPI.DLL
0x00007ffafb0b0000 - 0x00007ffafb0ba000 	C:\WINDOWS\SYSTEM32\WSOCK32.dll
0x00007ffb25ed0000 - 0x00007ffb25f05000 	C:\WINDOWS\SYSTEM32\WINMM.dll
0x00007ffb30ab0000 - 0x00007ffb30b24000 	C:\WINDOWS\System32\WS2_32.dll
0x00007ffb2e730000 - 0x00007ffb2e74b000 	C:\WINDOWS\SYSTEM32\kernel.appcore.dll
0x00007ffb09680000 - 0x00007ffb0968a000 	C:\Program Files\Java\jdk-17\bin\jimage.dll
0x00007ffb2d110000 - 0x00007ffb2d352000 	C:\WINDOWS\SYSTEM32\DBGHELP.DLL
0x00007ffb324a0000 - 0x00007ffb3281b000 	C:\WINDOWS\System32\combase.dll
0x00007ffb31f30000 - 0x00007ffb32007000 	C:\WINDOWS\System32\OLEAUT32.dll
0x00007ffb0b5a0000 - 0x00007ffb0b5dd000 	C:\WINDOWS\SYSTEM32\dbgcore.DLL
0x00007ffb2fce0000 - 0x00007ffb2fd79000 	C:\WINDOWS\System32\bcryptPrimitives.dll
0x00007ffacadd0000 - 0x00007ffacadf5000 	C:\Program Files\Java\jdk-17\bin\java.dll

dbghelp: loaded successfully - version: 4.0.5 - missing functions: none
symbol engine: initialized successfully - sym options: 0x614 - pdb path: .;C:\Program Files\Java\jdk-17\bin;C:\WINDOWS\SYSTEM32;C:\WINDOWS\WinSxS\amd64_microsoft.windows.common-controls_6595b64144ccf1df_6.0.26100.5074_none_3e0d6f78e32fd63f;C:\Program Files\Java\jdk-17\bin\server

VM Arguments:
jvm_args: --enable-native-access=ALL-UNNAMED 
java_command: <unknown>
java_class_path (initial): <not set>
Launcher Type: SUN_STANDARD

[Global flags]
     intx CICompilerCount                          = 4                                         {product} {ergonomic}
     uint ConcGCThreads                            = 3                                         {product} {ergonomic}
     uint G1ConcRefinementThreads                  = 10                                        {product} {ergonomic}
   size_t G1HeapRegionSize                         = 1048576                                   {product} {ergonomic}
    uintx GCDrainStackTargetSize                   = 64                                        {product} {ergonomic}
   size_t InitialHeapSize                          = 130023424                                 {product} {ergonomic}
   size_t MarkStackSize                            = 4194304                                   {product} {ergonomic}
   size_t MaxHeapSize                              = 2061500416                                {product} {ergonomic}
   size_t MinHeapDeltaBytes                        = 1048576                                   {product} {ergonomic}
   size_t MinHeapSize                              = 8388608                                   {product} {ergonomic}
    uintx NonNMethodCodeHeapSize                   = 5839372                                {pd product} {ergonomic}
    uintx NonProfiledCodeHeapSize                  = 122909434                              {pd product} {ergonomic}
    uintx ProfiledCodeHeapSize                     = 122909434                              {pd product} {ergonomic}
    uintx ReservedCodeCacheSize                    = 251658240                              {pd product} {ergonomic}
     bool SegmentedCodeCache                       = true                                      {product} {ergonomic}
   size_t SoftMaxHeapSize                          = 2061500416                             {manageable} {ergonomic}
     bool UseCompressedClassPointers               = true                           {product lp64_product} {ergonomic}
     bool UseCompressedOops                        = true                           {product lp64_product} {ergonomic}
     bool UseG1GC                                  = true                                      {product} {ergonomic}
     bool UseLargePagesIndividualAllocation        = false                                  {pd product} {ergonomic}

Logging:
Log output configuration:
 #0: stdout all=warning uptime,level,tags
 #1: stderr all=off uptime,level,tags

Environment Variables:
JAVA_HOME=C:\Program Files\Java\jdk-17
PATH=C:\Program Files\Common Files\Oracle\Java\javapath;C:\WINDOWS\system32;C:\WINDOWS;C:\WINDOWS\System32\Wbem;C:\WINDOWS\System32\WindowsPowerShell\v1.0\;C:\WINDOWS\System32\OpenSSH\;C:\Program Files\nodejs\;C:\Program Files\Git\cmd;C:\Program Files\MySQL\MySQL Shell 8.0\bin\;C:\Users\Pradeepa.S\AppData\Local\Programs\Python\Launcher\;C:\Users\Pradeepa.S\AppData\Local\Microsoft\WindowsApps;C:\Users\Pradeepa.S\AppData\Roaming\npm;C:\Program Files (x86)\MongoDB Atlas CLI\;C:\Users\Pradeepa.S\AppData\Local\Programs\mongosh\;C:\Users\Pradeepa.S\AppData\Local\GitHubDesktop\bin;C:\Users\Pradeepa.S\AppData\Local\Programs\Microsoft VS Code\bin
USERNAME=Pradeepa.S
OS=Windows_NT
PROCESSOR_IDENTIFIER=Intel64 Family 6 Model 154 Stepping 4, GenuineIntel



---------------  S Y S T E M  ---------------

OS:
 Windows 11 , 64 bit Build 26100 (10.0.26100.5074)
OS uptime: 0 days 0:02 hours
Hyper-V role detected

CPU: total 12 (initial active 12) (6 cores per cpu, 2 threads per core) family 6 model 154 stepping 4 microcode 0x432, cx8, cmov, fxsr, ht, mmx, 3dnowpref, sse, sse2, sse3, ssse3, sse4.1, sse4.2, popcnt, lzcnt, tsc, tscinvbit, avx, avx2, aes, erms, clmul, bmi1, bmi2, adx, sha, fma, vzeroupper, clflush, clflushopt, clwb, hv

Memory: 4k page, system-wide physical 7863M (429M free)
TotalPageFile size 8887M (AvailPageFile size 28M)
current process WorkingSet (physical memory assigned to process): 11M, peak: 11M
current process commit charge ("private bytes"): 13M, peak: 14M

vm_info: Java HotSpot(TM) 64-Bit Server VM (17.0.12+8-LTS-286) for windows-amd64 JRE (17.0.12+8-LTS-286), built on Jun  5 2024 06:46:59 by "mach5one" with MS VC++ 17.6 (VS2022)

END.
